0 info it worked if it ends with ok
1 verbose cli [ '/home/enzo/.nvm/v6.5.0/bin/node',
1 verbose cli   '/home/enzo/.nvm/v6.5.0/bin/npm',
1 verbose cli   'publish' ]
2 info using npm@3.10.3
3 info using node@v6.5.0
4 verbose publish [ '.' ]
5 silly cache add args [ '.', null ]
6 verbose cache add spec .
7 silly cache add parsed spec Result {
7 silly cache add   raw: '.',
7 silly cache add   scope: null,
7 silly cache add   escapedName: null,
7 silly cache add   name: null,
7 silly cache add   rawSpec: '.',
7 silly cache add   spec: '/home/enzo/workspace/input-components',
7 silly cache add   type: 'directory' }
8 verbose addLocalDirectory /home/enzo/.npm/input-components/1.0.8/package.tgz not in flight; packing
9 verbose correctMkdir /home/enzo/.npm correctMkdir not in flight; initializing
10 info lifecycle input-components@1.0.8~prepublish: input-components@1.0.8
11 silly lifecycle input-components@1.0.8~prepublish: no script for prepublish, continuing
12 verbose tar pack [ '/home/enzo/.npm/input-components/1.0.8/package.tgz',
12 verbose tar pack   '/home/enzo/workspace/input-components' ]
13 verbose tarball /home/enzo/.npm/input-components/1.0.8/package.tgz
14 verbose folder /home/enzo/workspace/input-components
15 verbose addLocalTarball adding from inside cache /home/enzo/.npm/input-components/1.0.8/package.tgz
16 verbose correctMkdir /home/enzo/.npm correctMkdir not in flight; initializing
17 silly cache afterAdd input-components@1.0.8
18 verbose afterAdd /home/enzo/.npm/input-components/1.0.8/package/package.json not in flight; writing
19 verbose correctMkdir /home/enzo/.npm correctMkdir not in flight; initializing
20 verbose afterAdd /home/enzo/.npm/input-components/1.0.8/package/package.json written
21 silly publish { name: 'input-components',
21 silly publish   version: '1.0.8',
21 silly publish   description: '',
21 silly publish   main: 'dist/packages/npm/index.js',
21 silly publish   scripts:
21 silly publish    { publish: 'npm run build-npm && cat package.json | grep -v prepublish > dist/packages/npm/package.json && npm publish dist/packages/npm',
21 silly publish      build: 'npm run build-browser && npm run build-npm',
21 silly publish      'build-npm': 'babel src --out-dir dist/packages/npm',
21 silly publish      'build-browser': 'webpack -p',
21 silly publish      lint: 'npm run lint-code -- --fix',
21 silly publish      'lint-code': 'eslint app/scripts/**',
21 silly publish      docs: 'jsdoc --destination docs -r src/**',
21 silly publish      ci: 'npm run lint-code -- -o ./reports/checkstyle.xml -f checkstyle && npm test',
21 silly publish      test: 'karma start' },
21 silly publish   author: '',
21 silly publish   license: 'WTFPL',
21 silly publish   devDependencies:
21 silly publish    { 'angular-mocks': '^1.5.0',
21 silly publish      'babel-cli': '^6.14.0',
21 silly publish      'babel-core': '^6.13.2',
21 silly publish      'babel-loader': '^6.2.5',
21 silly publish      'babel-preset-es2015': '^6.13.2',
21 silly publish      bower: '^1.7.9',
21 silly publish      eslint: '^2.x.x',
21 silly publish      'eslint-config-pismo': 'github:pismo/eslint-config-pismo#1.0.0',
21 silly publish      'github-changes': '^1.0.2',
21 silly publish      'jasmine-core': '^2.4.1',
21 silly publish      jsdoc: '^3.4.0',
21 silly publish      karma: '^0.13.19',
21 silly publish      'karma-jasmine': '^0.3.6',
21 silly publish      'karma-phantomjs-launcher': '^1.0.0',
21 silly publish      'karma-webpack': '^1.7.0',
21 silly publish      'phantomjs-prebuilt': '^2.1.7',
21 silly publish      webpack: '^1.13.2' },
21 silly publish   peerDependencies: { angular: '^1.4.x' },
21 silly publish   dependencies: { angular: '^1.4.x' },
21 silly publish   gitHead: 'd62488e509af61024f83d03a03d604885a889b3b',
21 silly publish   readme: 'ERROR: No README data found!',
21 silly publish   _id: 'input-components@1.0.8',
21 silly publish   _shasum: '7e9bea4dd61ee348bf777e8f6191ec24b1def465',
21 silly publish   _from: '.' }
22 verbose getPublishConfig undefined
23 silly mapToRegistry name input-components
24 silly mapToRegistry using default registry
25 silly mapToRegistry registry https://registry.npmjs.org/
26 silly mapToRegistry data Result {
26 silly mapToRegistry   raw: 'input-components',
26 silly mapToRegistry   scope: null,
26 silly mapToRegistry   escapedName: 'input-components',
26 silly mapToRegistry   name: 'input-components',
26 silly mapToRegistry   rawSpec: '',
26 silly mapToRegistry   spec: 'latest',
26 silly mapToRegistry   type: 'tag' }
27 silly mapToRegistry uri https://registry.npmjs.org/input-components
28 verbose publish registryBase https://registry.npmjs.org/
29 silly publish uploading /home/enzo/.npm/input-components/1.0.8/package.tgz
30 verbose stack Error: auth required for publishing
30 verbose stack     at CachingRegistryClient.publish (/home/enzo/.nvm/v6.5.0/lib/node_modules/npm/node_modules/npm-registry-client/lib/publish.js:30:14)
30 verbose stack     at /home/enzo/.nvm/v6.5.0/lib/node_modules/npm/lib/publish.js:138:14
30 verbose stack     at mapToRegistry (/home/enzo/.nvm/v6.5.0/lib/node_modules/npm/lib/utils/map-to-registry.js:62:3)
30 verbose stack     at publish_ (/home/enzo/.nvm/v6.5.0/lib/node_modules/npm/lib/publish.js:107:3)
30 verbose stack     at Array.<anonymous> (/home/enzo/.nvm/v6.5.0/lib/node_modules/npm/node_modules/slide/lib/bind-actor.js:15:8)
30 verbose stack     at LOOP (/home/enzo/.nvm/v6.5.0/lib/node_modules/npm/node_modules/slide/lib/chain.js:15:14)
30 verbose stack     at LOOP (/home/enzo/.nvm/v6.5.0/lib/node_modules/npm/node_modules/slide/lib/chain.js:14:28)
30 verbose stack     at chain (/home/enzo/.nvm/v6.5.0/lib/node_modules/npm/node_modules/slide/lib/chain.js:20:5)
30 verbose stack     at /home/enzo/.nvm/v6.5.0/lib/node_modules/npm/lib/publish.js:73:5
30 verbose stack     at RES (/home/enzo/.nvm/v6.5.0/lib/node_modules/npm/node_modules/inflight/inflight.js:23:14)
31 verbose cwd /home/enzo/workspace/input-components
32 error Linux 3.13.0-95-generic
33 error argv "/home/enzo/.nvm/v6.5.0/bin/node" "/home/enzo/.nvm/v6.5.0/bin/npm" "publish"
34 error node v6.5.0
35 error npm  v3.10.3
36 error code ENEEDAUTH
37 error need auth auth required for publishing
38 error need auth You need to authorize this machine using `npm adduser`
39 verbose exit [ 1, true ]
